03/08/2014-13:36:34.906 1 Sesse men nå:
03/08/2014-13:37:00.479 0 Zeila 1
03/08/2014-13:37:01.505 0 Sesse 1
03/08/2014-13:37:04.680 0 Fuglemat 1
03/08/2014-13:37:08.102 0 Eplebit 1
03/08/2014-13:37:14.560 0 Tvilling 2
03/08/2014-13:37:17.592 0 Quarryman 1
03/08/2014-13:37:37.820 0 frank 1
03/08/2014-13:37:41.646 0 Wibla 1
03/08/2014-13:38:01.517 4 Sesse og takk for det
03/08/2014-13:38:17.187 4 Eplebit Sesse: man kan jo skimte himmel. det er det lenge siden man har kunnet gjøre i oslo
03/08/2014-13:38:22.935 4 Eplebit Sesse: og de siste dagene har det regna
03/08/2014-13:38:23.956 4 JoMs fanden!
03/08/2014-13:38:32.662 4 Quarryman Eplebit: i dag tidlig var det strålende sol og blå himmel
03/08/2014-13:38:53.837 4 Sesse de går i liksom 20 km/h
03/08/2014-13:38:54.723 4 Sesse oppover
03/08/2014-13:38:55.542 4 Sesse klassisk
03/08/2014-13:38:58.688 4 Sesse på slutten av en femmil
03/08/2014-13:38:59.435 4 Eplebit Quarryman: ja, våkna av at rommet var så lyst og skjønte ikke hva som foregikk...
03/08/2014-13:40:03.855 4 Ymgve aliens!!